here
-1
Training/evaluation parameters %s Namespace(adam_epsilon=1e-08, cache_dir='', config_name='', data_dir='../GLUE/MRPC', device=device(type='cuda'), do_eval=True, do_lower_case=True, do_train=True, early_exit_entropy=-1, eval_after_first_stage=True, eval_all_checkpoints=True, eval_each_highway=False, eval_highway=False, evaluate_during_training=False, fp16=False, fp16_opt_level='O1', gradient_accumulation_steps=1, learning_rate=2e-05, local_rank=-1, logging_steps=50, max_grad_norm=1.0, max_seq_length=128, max_steps=-1, model_name_or_path='bert-base-uncased', model_type='bert', n_gpu=1, no_cuda=False, num_train_epochs=3.0, output_dir='./saved_models/bert-base/MRPC/two_stage', output_mode='classification', overwrite_cache=True, overwrite_output_dir=True, per_gpu_eval_batch_size=1, per_gpu_train_batch_size=8, plot_data_dir='./plotting/', save_steps=0, seed=42, server_ip='', server_port='', task_name='mrpc', tokenizer_name='', warmup_steps=0, weight_decay=0.0)
Creating features from dataset file at %s ../GLUE/MRPC
Saving features into cached file %s ../GLUE/MRPC/cached_train_bert-base-uncased_128_mrpc
***** Running training *****
  Num examples = %d 3668
  Num Epochs = %d 3.0
  Instantaneous batch size per GPU = %d 8
  Total train batch size (w. parallel, distributed & accumulation) = %d 8
  Gradient Accumulation steps = %d 1
  Total optimization steps = %d 1377.0
 global_step = %s, average loss = %s 1377 0.33696931670115515
Creating features from dataset file at %s ../GLUE/MRPC
Saving features into cached file %s ../GLUE/MRPC/cached_dev_bert-base-uncased_128_mrpc
***** Running evaluation  *****
  Num examples = %d 408
  Batch size = %d 1
Eval time: 6.27914834022522
***** Eval results  *****
  %s = %s acc 0.8578431372549019
  %s = %s acc_and_f1 0.8794335140199425
  %s = %s f1 0.901023890784983
***** Running training *****
  Num examples = %d 3668
  Num Epochs = %d 3.0
  Instantaneous batch size per GPU = %d 8
  Total train batch size (w. parallel, distributed & accumulation) = %d 8
  Gradient Accumulation steps = %d 1
  Total optimization steps = %d 1377.0
Saving model checkpoint to %s ./saved_models/bert-base/MRPC/two_stage
Evaluate the following checkpoints: %s ['./saved_models/bert-base/MRPC/two_stage']
-1
Creating features from dataset file at %s ../GLUE/MRPC
Saving features into cached file %s ../GLUE/MRPC/cached_dev_bert-base-uncased_128_mrpc
***** Running evaluation  *****
  Num examples = %d 408
  Batch size = %d 1
Eval time: 10.017139434814453
***** Eval results  *****
  %s = %s acc 0.8578431372549019
  %s = %s acc_and_f1 0.8794335140199425
  %s = %s f1 0.901023890784983
Result: 0.901023890784983
{'acc_': 0.8578431372549019, 'f1_': 0.901023890784983, 'acc_and_f1_': 0.8794335140199425}
