-1
Training/evaluation parameters %s Namespace(adam_epsilon=1e-08, cache_dir='', config_name='', data_dir='../GLUE/SST-2', device=device(type='cuda'), do_eval=True, do_lower_case=True, do_train=True, early_exit_entropy=-1, eval_after_first_stage=True, eval_all_checkpoints=True, eval_each_highway=False, eval_highway=False, evaluate_during_training=False, fp16=False, fp16_opt_level='O1', gradient_accumulation_steps=1, learning_rate=2e-05, local_rank=-1, logging_steps=50, max_grad_norm=1.0, max_seq_length=128, max_steps=-1, model_name_or_path='bert-base-uncased', model_type='bert', n_gpu=1, no_cuda=False, num_train_epochs=3.0, output_dir='./saved_models/bert-base/SST-2/two_stage', output_mode='classification', overwrite_cache=True, overwrite_output_dir=True, per_gpu_eval_batch_size=1, per_gpu_train_batch_size=8, plot_data_dir='./plotting/', save_steps=0, seed=42, server_ip='', server_port='', task_name='sst-2', tokenizer_name='', warmup_steps=0, weight_decay=0.0)
Creating features from dataset file at %s ../GLUE/SST-2
Saving features into cached file %s ../GLUE/SST-2/cached_train_bert-base-uncased_128_sst-2
***** Running training *****
  Num examples = %d 67349
  Num Epochs = %d 3.0
  Instantaneous batch size per GPU = %d 8
  Total train batch size (w. parallel, distributed & accumulation) = %d 8
  Gradient Accumulation steps = %d 1
  Total optimization steps = %d 25257.0
 global_step = %s, average loss = %s 25257 0.16413519678603372
Creating features from dataset file at %s ../GLUE/SST-2
Saving features into cached file %s ../GLUE/SST-2/cached_dev_bert-base-uncased_128_sst-2
***** Running evaluation  *****
  Num examples = %d 872
  Batch size = %d 1
Eval time: 15.944963693618774
***** Eval results  *****
  %s = %s acc 0.930045871559633
***** Running training *****
  Num examples = %d 67349
  Num Epochs = %d 3.0
  Instantaneous batch size per GPU = %d 8
  Total train batch size (w. parallel, distributed & accumulation) = %d 8
  Gradient Accumulation steps = %d 1
  Total optimization steps = %d 25257.0
Saving model checkpoint to %s ./saved_models/bert-base/SST-2/two_stage
Evaluate the following checkpoints: %s ['./saved_models/bert-base/SST-2/two_stage']
-1
Creating features from dataset file at %s ../GLUE/SST-2
Saving features into cached file %s ../GLUE/SST-2/cached_dev_bert-base-uncased_128_sst-2
***** Running evaluation  *****
  Num examples = %d 872
  Batch size = %d 1
Eval time: 15.875134706497192
***** Eval results  *****
  %s = %s acc 0.930045871559633
Result: 0.930045871559633
{'acc_': 0.930045871559633}
